#
# There is insufficient memory for the Java Runtime Environment to continue.
# Native memory allocation (malloc) failed to allocate 152960 bytes. Error detail: Chunk::new
# Possible reasons:
#   The system is out of physical RAM or swap space
#   This process is running with CompressedOops enabled, and the Java Heap may be blocking the growth of the native heap
# Possible solutions:
#   Reduce memory load on the system
#   Increase physical memory or swap space
#   Check if swap backing store is full
#   Decrease Java heap size (-Xmx/-Xms)
#   Decrease number of Java threads
#   Decrease Java thread stack sizes (-Xss)
#   Set larger code cache with -XX:ReservedCodeCacheSize=
#   JVM is running with Unscaled Compressed Oops mode in which the Java heap is
#     placed in the first 4GB address space. The Java Heap base address is the
#     maximum limit for the native heap growth. Please use -XX:HeapBaseMinAddress
#     to set the Java Heap base and to place the Java Heap above 4GB virtual address.
# This output file may be truncated or incomplete.
#
#  Out of Memory Error (arena.cpp:191), pid=3664, tid=17868
#
# JRE version: OpenJDK Runtime Environment Temurin-17.0.11+9 (17.0.11+9) (build 17.0.11+9)
# Java VM: OpenJDK 64-Bit Server VM Temurin-17.0.11+9 (17.0.11+9, mixed mode, tiered, compressed oops, compressed class ptrs, parallel gc, windows-amd64)
# No core dump will be written. Minidumps are not enabled by default on client versions of Windows
#

---------------  S U M M A R Y ------------

Command Line: --add-modules=ALL-SYSTEM --add-opens=java.base/java.util=ALL-UNNAMED --add-opens=java.base/java.lang=ALL-UNNAMED --add-opens=java.base/sun.nio.fs=ALL-UNNAMED -Declipse.application=org.eclipse.jdt.ls.core.id1 -Dosgi.bundles.defaultStartLevel=4 -Declipse.product=org.eclipse.jdt.ls.core.product -Djava.import.generatesMetadataFilesAtProjectRoot=false -DDetectVMInstallationsJob.disabled=true -Dfile.encoding=utf8 -XX:+UseParallelGC -XX:GCTimeRatio=4 -XX:AdaptiveSizePolicyWeight=90 -Dsun.zip.disableMemoryMapping=true -Xmx1G -Xms100m -Xlog:disable -javaagent:c:\Users\laras\.vscode\extensions\redhat.java-1.33.0-win32-x64\lombok\lombok-1.18.33.jar c:\Users\laras\.vscode\extensions\redhat.java-1.33.0-win32-x64\server\plugins\org.eclipse.equinox.launcher_1.6.900.v20240613-2009.jar -configuration c:\Users\laras\AppData\Roaming\Code\User\globalStorage\redhat.java\1.33.0\config_ss_win -data c:\Users\laras\AppData\Roaming\Code\User\workspaceStorage\94a460dcca388fc052c458c9e4340674\redhat.java\ss_ws --pipe=\\.\pipe\lsp-b3a4874a07f849ff97af3704c1b78498-sock

Host: AMD Ryzen 5 5500U with Radeon Graphics         , 12 cores, 7G,  Windows 11 , 64 bit Build 22621 (10.0.22621.3958)
Time: Wed Aug 21 14:13:47 2024 SE Asia Standard Time elapsed time: 2.058827 seconds (0d 0h 0m 2s)

---------------  T H R E A D  ---------------

Current thread (0x0000018fef26e390):  JavaThread "C2 CompilerThread0" daemon [_thread_in_native, id=17868, stack(0x0000007cd8e00000,0x0000007cd8f00000)]


Current CompileTask:
C2:   2058 1312       4       java.lang.StringLatin1::toUpperCase (186 bytes)

Stack: [0x0000007cd8e00000,0x0000007cd8f00000]
Native frames: (J=compiled Java code, j=interpreted, Vv=VM code, C=native code)
V  [jvm.dll+0x67d429]
V  [jvm.dll+0x834b7a]
V  [jvm.dll+0x83663e]
V  [jvm.dll+0x836ca3]
V  [jvm.dll+0x247dbf]
V  [jvm.dll+0xac534]
V  [jvm.dll+0xacb7c]
V  [jvm.dll+0x366647]
V  [jvm.dll+0x330bba]
V  [jvm.dll+0x33005a]
V  [jvm.dll+0x21a471]
V  [jvm.dll+0x2198b1]
V  [jvm.dll+0x1a534d]
V  [jvm.dll+0x2295cd]
V  [jvm.dll+0x22779c]
V  [jvm.dll+0x7e9d07]
V  [jvm.dll+0x7e410a]
V  [jvm.dll+0x67c315]
C  [ucrtbase.dll+0x29333]
C  [KERNEL32.DLL+0x1257d]
C  [ntdll.dll+0x5af28]


---------------  P R O C E S S  ---------------

Threads class SMR info:
_java_thread_list=0x0000018ff61588e0, length=13, elements={
0x0000018fd9492ae0, 0x0000018fef261010, 0x0000018fef262db0, 0x0000018fef26a3e0,
0x0000018fef26af10, 0x0000018fef26bca0, 0x0000018fef26d6e0, 0x0000018fef26e390,
0x0000018ff43fabe0, 0x0000018ff4428480, 0x0000018fd94f2760, 0x0000018ff4704770,
0x0000018ff60c9ef0
}

Java Threads: ( => current thread )
  0x0000018fd9492ae0 JavaThread "main" [_thread_in_Java, id=15384, stack(0x0000007cd8500000,0x0000007cd8600000)]
  0x0000018fef261010 JavaThread "Reference Handler" daemon [_thread_blocked, id=7716, stack(0x0000007cd8800000,0x0000007cd8900000)]
  0x0000018fef262db0 JavaThread "Finalizer" daemon [_thread_blocked, id=1640, stack(0x0000007cd8900000,0x0000007cd8a00000)]
  0x0000018fef26a3e0 JavaThread "Signal Dispatcher" daemon [_thread_blocked, id=19848, stack(0x0000007cd8a00000,0x0000007cd8b00000)]
  0x0000018fef26af10 JavaThread "Attach Listener" daemon [_thread_blocked, id=6792, stack(0x0000007cd8b00000,0x0000007cd8c00000)]
  0x0000018fef26bca0 JavaThread "Service Thread" daemon [_thread_blocked, id=5872, stack(0x0000007cd8c00000,0x0000007cd8d00000)]
  0x0000018fef26d6e0 JavaThread "Monitor Deflation Thread" daemon [_thread_blocked, id=2596, stack(0x0000007cd8d00000,0x0000007cd8e00000)]
=>0x0000018fef26e390 JavaThread "C2 CompilerThread0" daemon [_thread_in_native, id=17868, stack(0x0000007cd8e00000,0x0000007cd8f00000)]
  0x0000018ff43fabe0 JavaThread "C1 CompilerThread0" daemon [_thread_blocked, id=9276, stack(0x0000007cd8f00000,0x0000007cd9000000)]
  0x0000018ff4428480 JavaThread "Sweeper thread" daemon [_thread_blocked, id=13032, stack(0x0000007cd9000000,0x0000007cd9100000)]
  0x0000018fd94f2760 JavaThread "Common-Cleaner" daemon [_thread_blocked, id=10660, stack(0x0000007cd9100000,0x0000007cd9200000)]
  0x0000018ff4704770 JavaThread "Notification Thread" daemon [_thread_blocked, id=1312, stack(0x0000007cd9200000,0x0000007cd9300000)]
  0x0000018ff60c9ef0 JavaThread "Active Thread: Equinox Container: 0cc52442-ce45-4120-b772-7966a07f257c" [_thread_blocked, id=20204, stack(0x0000007cd9a00000,0x0000007cd9b00000)]

Other Threads:
  0x0000018fd95193f0 VMThread "VM Thread" [stack: 0x0000007cd8700000,0x0000007cd8800000] [id=19864]
  0x0000018ff4704c50 WatcherThread [stack: 0x0000007cd9300000,0x0000007cd9400000] [id=15512]
  0x0000018fd94a85c0 GCTaskThread "GC Thread#0" [stack: 0x0000007cd8600000,0x0000007cd8700000] [id=5020]
  0x0000018ff5def840 GCTaskThread "GC Thread#1" [stack: 0x0000007cd9400000,0x0000007cd9500000] [id=16684]
  0x0000018ff6139d10 GCTaskThread "GC Thread#2" [stack: 0x0000007cd9500000,0x0000007cd9600000] [id=10452]
  0x0000018ff6174420 GCTaskThread "GC Thread#3" [stack: 0x0000007cd9600000,0x0000007cd9700000] [id=4952]
  0x0000018ff61746e0 GCTaskThread "GC Thread#4" [stack: 0x0000007cd9700000,0x0000007cd9800000] [id=17516]
  0x0000018ff61749a0 GCTaskThread "GC Thread#5" [stack: 0x0000007cd9800000,0x0000007cd9900000] [id=12008]
  0x0000018ff6174c60 GCTaskThread "GC Thread#6" [stack: 0x0000007cd9900000,0x0000007cd9a00000] [id=3420]

Threads with active compile tasks:
C2 CompilerThread0     2087 1312       4       java.lang.StringLatin1::toUpperCase (186 bytes)
C1 CompilerThread0     2087 1329       3       java.util.jar.JarFile::verifiableEntry (44 bytes)

VM state: not at safepoint (normal execution)

VM Mutex/Monitor currently owned by a thread: None

Heap address: 0x00000000c0000000, size: 1024 MB, Compressed Oops mode: 32-bit

CDS archive(s) not mapped
Compressed class space mapped at: 0x0000000100000000-0x0000000140000000, reserved size: 1073741824
Narrow klass base: 0x0000000000000000, Narrow klass shift: 3, Narrow klass range: 0x140000000

GC Precious Log:
 CPUs: 12 total, 12 available
 Memory: 7502M
 Large Page Support: Disabled
 NUMA Support: Disabled
 Compressed Oops: Enabled (32-bit)
 Alignments: Space 512K, Generation 512K, Heap 2M
 Heap Min Capacity: 100M
 Heap Initial Capacity: 100M
 Heap Max Capacity: 1G
 Pre-touch: Disabled
 Parallel Workers: 10

Heap:
 PSYoungGen      total 29696K, used 20656K [0x00000000eab00000, 0x00000000ecc00000, 0x0000000100000000)
  eden space 25600K, 68% used [0x00000000eab00000,0x00000000ebc1ad80,0x00000000ec400000)
  from space 4096K, 76% used [0x00000000ec400000,0x00000000ec7112e0,0x00000000ec800000)
  to   space 4096K, 0% used [0x00000000ec800000,0x00000000ec800000,0x00000000ecc00000)
 ParOldGen       total 68608K, used 16K [0x00000000c0000000, 0x00000000c4300000, 0x00000000eab00000)
  object space 68608K, 0% used [0x00000000c0000000,0x00000000c0004000,0x00000000c4300000)
 Metaspace       used 13462K, committed 13632K, reserved 1114112K
  class space    used 1332K, committed 1408K, reserved 1048576K

Card table byte_map: [0x0000018fecae0000,0x0000018feccf0000] _byte_map_base: 0x0000018fec4e0000

Marking Bits: (ParMarkBitMap*) 0x00007ffd4afcd820
 Begin Bits: [0x0000018fece50000, 0x0000018fede50000)
 End Bits:   [0x0000018fede50000, 0x0000018feee50000)

Polling page: 0x0000018fd9540000

Metaspace:

Usage:
  Non-class:     11.85 MB used.
      Class:      1.30 MB used.
       Both:     13.15 MB used.

Virtual space:
  Non-class space:       64.00 MB reserved,      11.94 MB ( 19%) committed,  1 nodes.
      Class space:        1.00 GB reserved,       1.38 MB ( <1%) committed,  1 nodes.
             Both:        1.06 GB reserved,      13.31 MB (  1%) committed. 

Chunk freelists:
   Non-Class:  3.53 MB
       Class:  14.52 MB
        Both:  18.03 MB

MaxMetaspaceSize: unlimited
CompressedClassSpaceSize: 1.00 GB
Initial GC threshold: 21.00 MB
Current GC threshold: 21.00 MB
CDS: off
MetaspaceReclaimPolicy: balanced
 - commit_granule_bytes: 65536.
 - commit_granule_words: 8192.
 - virtual_space_node_default_size: 8388608.
 - enlarge_chunks_in_place: 1.
 - new_chunks_are_fully_committed: 0.
 - uncommit_free_chunks: 1.
 - use_allocation_guard: 0.
 - handle_deallocations: 1.


Internal statistics:

num_allocs_failed_limit: 0.
num_arena_births: 52.
num_arena_deaths: 0.
num_vsnodes_births: 2.
num_vsnodes_deaths: 0.
num_space_committed: 213.
num_space_uncommitted: 0.
num_chunks_returned_to_freelist: 0.
num_chunks_taken_from_freelist: 206.
num_chunk_merges: 0.
num_chunk_splits: 138.
num_chunks_enlarged: 114.
num_inconsistent_stats: 0.

CodeHeap 'non-profiled nmethods': size=120000Kb used=492Kb max_used=492Kb free=119507Kb
 bounds [0x0000018fe53c0000, 0x0000018fe5630000, 0x0000018fec8f0000]
CodeHeap 'profiled nmethods': size=120000Kb used=2402Kb max_used=2402Kb free=117597Kb
 bounds [0x0000018fdd8f0000, 0x0000018fddb60000, 0x0000018fe4e20000]
CodeHeap 'non-nmethods': size=5760Kb used=1153Kb max_used=1169Kb free=4606Kb
 bounds [0x0000018fe4e20000, 0x0000018fe5090000, 0x0000018fe53c0000]
 total_blobs=1771 nmethods=1326 adapters=359
 compilation: enabled
              stopped_count=0, restarted_count=0
 full_count=0

Compilation events (20 events):
Event: 2.040 Thread 0x0000018ff43fabe0 nmethod 1305 0x0000018fe5438390 code [0x0000018fe5438520, 0x0000018fe54385f8]
Event: 2.040 Thread 0x0000018ff43fabe0 1306       3       org.eclipse.osgi.container.Module::getCurrentRevision (8 bytes)
Event: 2.041 Thread 0x0000018ff43fabe0 nmethod 1306 0x0000018fddb36410 code [0x0000018fddb365c0, 0x0000018fddb36708]
Event: 2.041 Thread 0x0000018ff43fabe0 1307   !   3       org.eclipse.osgi.container.ModuleRevisions::getCurrentRevision (56 bytes)
Event: 2.041 Thread 0x0000018ff43fabe0 nmethod 1307 0x0000018fddb36810 code [0x0000018fddb36a00, 0x0000018fddb36f98]
Event: 2.041 Thread 0x0000018ff43fabe0 1308   !   3       java.util.jar.JarVerifier::processEntry (440 bytes)
Event: 2.044 Thread 0x0000018fef26e390 nmethod 1302% 0x0000018fe5438690 code [0x0000018fe5438840, 0x0000018fe5438d98]
Event: 2.044 Thread 0x0000018fef26e390 1301   !   4       java.nio.DirectIntBufferU::get (34 bytes)
Event: 2.045 Thread 0x0000018ff43fabe0 nmethod 1308 0x0000018fddb37190 code [0x0000018fddb37660, 0x0000018fddb39dc8]
Event: 2.045 Thread 0x0000018ff43fabe0 1309       3       sun.security.util.ManifestEntryVerifier::verify (459 bytes)
Event: 2.045 Thread 0x0000018fef26e390 nmethod 1301 0x0000018fe5439290 code [0x0000018fe5439400, 0x0000018fe54394d8]
Event: 2.046 Thread 0x0000018fef26e390 1312       4       java.lang.StringLatin1::toUpperCase (186 bytes)
Event: 2.048 Thread 0x0000018ff43fabe0 nmethod 1309 0x0000018fddb3b090 code [0x0000018fddb3b540, 0x0000018fddb3d9f8]
Event: 2.048 Thread 0x0000018ff43fabe0 1310       3       java.util.jar.JarVerifier::mapSignersToCertArray (68 bytes)
Event: 2.049 Thread 0x0000018ff43fabe0 nmethod 1310 0x0000018fddb3e790 code [0x0000018fddb3e9a0, 0x0000018fddb3f018]
Event: 2.049 Thread 0x0000018ff43fabe0 1311       1       org.eclipse.osgi.internal.framework.EquinoxContainer::getConfiguration (5 bytes)
Event: 2.049 Thread 0x0000018ff43fabe0 nmethod 1311 0x0000018fe5439610 code [0x0000018fe54397a0, 0x0000018fe5439878]
Event: 2.052 Thread 0x0000018ff43fabe0 1314       3       sun.net.www.protocol.jar.Handler::parseContextSpec (150 bytes)
Event: 2.055 Thread 0x0000018ff43fabe0 nmethod 1314 0x0000018fddb3f310 code [0x0000018fddb3f7a0, 0x0000018fddb41438]
Event: 2.055 Thread 0x0000018ff43fabe0 1315       3       sun.net.www.protocol.jar.Handler::canonicalizeString (72 bytes)

GC Heap History (2 events):
Event: 1.482 GC heap before
{Heap before GC invocations=1 (full 0):
 PSYoungGen      total 29696K, used 25600K [0x00000000eab00000, 0x00000000ecc00000, 0x0000000100000000)
  eden space 25600K, 100% used [0x00000000eab00000,0x00000000ec400000,0x00000000ec400000)
  from space 4096K, 0% used [0x00000000ec800000,0x00000000ec800000,0x00000000ecc00000)
  to   space 4096K, 0% used [0x00000000ec400000,0x00000000ec400000,0x00000000ec800000)
 ParOldGen       total 68608K, used 0K [0x00000000c0000000, 0x00000000c4300000, 0x00000000eab00000)
  object space 68608K, 0% used [0x00000000c0000000,0x00000000c0000000,0x00000000c4300000)
 Metaspace       used 10965K, committed 11200K, reserved 1114112K
  class space    used 1091K, committed 1216K, reserved 1048576K
}
Event: 1.491 GC heap after
{Heap after GC invocations=1 (full 0):
 PSYoungGen      total 29696K, used 3140K [0x00000000eab00000, 0x00000000ecc00000, 0x0000000100000000)
  eden space 25600K, 0% used [0x00000000eab00000,0x00000000eab00000,0x00000000ec400000)
  from space 4096K, 76% used [0x00000000ec400000,0x00000000ec7112e0,0x00000000ec800000)
  to   space 4096K, 0% used [0x00000000ec800000,0x00000000ec800000,0x00000000ecc00000)
 ParOldGen       total 68608K, used 16K [0x00000000c0000000, 0x00000000c4300000, 0x00000000eab00000)
  object space 68608K, 0% used [0x00000000c0000000,0x00000000c0004000,0x00000000c4300000)
 Metaspace       used 10965K, committed 11200K, reserved 1114112K
  class space    used 1091K, committed 1216K, reserved 1048576K
}

Dll operation events (8 events):
Event: 0.020 Loaded shared library c:\Users\laras\.vscode\extensions\redhat.java-1.33.0-win32-x64\jre\17.0.11-win32-x86_64\bin\java.dll
Event: 0.314 Loaded shared library c:\Users\laras\.vscode\extensions\redhat.java-1.33.0-win32-x64\jre\17.0.11-win32-x86_64\bin\zip.dll
Event: 0.320 Loaded shared library C:\Users\laras\.vscode\extensions\redhat.java-1.33.0-win32-x64\jre\17.0.11-win32-x86_64\bin\instrument.dll
Event: 0.343 Loaded shared library C:\Users\laras\.vscode\extensions\redhat.java-1.33.0-win32-x64\jre\17.0.11-win32-x86_64\bin\net.dll
Event: 0.346 Loaded shared library C:\Users\laras\.vscode\extensions\redhat.java-1.33.0-win32-x64\jre\17.0.11-win32-x86_64\bin\nio.dll
Event: 0.367 Loaded shared library C:\Users\laras\.vscode\extensions\redhat.java-1.33.0-win32-x64\jre\17.0.11-win32-x86_64\bin\zip.dll
Event: 0.411 Loaded shared library C:\Users\laras\.vscode\extensions\redhat.java-1.33.0-win32-x64\jre\17.0.11-win32-x86_64\bin\jimage.dll
Event: 0.526 Loaded shared library c:\Users\laras\.vscode\extensions\redhat.java-1.33.0-win32-x64\jre\17.0.11-win32-x86_64\bin\verify.dll

Deoptimization events (20 events):
Event: 1.742 Thread 0x0000018fd9492ae0 DEOPT PACKING pc=0x0000018fdd965ac5 sp=0x0000007cd85f7790
Event: 1.742 Thread 0x0000018fd9492ae0 DEOPT UNPACKING pc=0x0000018fe4e76e43 sp=0x0000007cd85f6c40 mode 0
Event: 1.766 Thread 0x0000018fd9492ae0 DEOPT PACKING pc=0x0000018fdd965ac5 sp=0x0000007cd85f38f0
Event: 1.766 Thread 0x0000018fd9492ae0 DEOPT UNPACKING pc=0x0000018fe4e76e43 sp=0x0000007cd85f2da0 mode 0
Event: 1.781 Thread 0x0000018fd9492ae0 Uncommon trap: trap_request=0xffffffc6 fr.pc=0x0000018fe53ec61c relative=0x000000000000027c
Event: 1.781 Thread 0x0000018fd9492ae0 Uncommon trap: reason=bimorphic_or_optimized_type_check action=maybe_recompile pc=0x0000018fe53ec61c method=java.util.Collections$UnmodifiableCollection$1.next()Ljava/lang/Object; @ 4 c2
Event: 1.781 Thread 0x0000018fd9492ae0 DEOPT PACKING pc=0x0000018fe53ec61c sp=0x0000007cd85f7e80
Event: 1.781 Thread 0x0000018fd9492ae0 DEOPT UNPACKING pc=0x0000018fe4e766a3 sp=0x0000007cd85f7e30 mode 2
Event: 1.781 Thread 0x0000018fd9492ae0 Uncommon trap: trap_request=0xffffffc6 fr.pc=0x0000018fe53ec61c relative=0x000000000000027c
Event: 1.781 Thread 0x0000018fd9492ae0 Uncommon trap: reason=bimorphic_or_optimized_type_check action=maybe_recompile pc=0x0000018fe53ec61c method=java.util.Collections$UnmodifiableCollection$1.next()Ljava/lang/Object; @ 4 c2
Event: 1.781 Thread 0x0000018fd9492ae0 DEOPT PACKING pc=0x0000018fe53ec61c sp=0x0000007cd85f7e80
Event: 1.781 Thread 0x0000018fd9492ae0 DEOPT UNPACKING pc=0x0000018fe4e766a3 sp=0x0000007cd85f7e30 mode 2
Event: 2.036 Thread 0x0000018fd9492ae0 Uncommon trap: trap_request=0xffffffde fr.pc=0x0000018fe541a1d4 relative=0x0000000000000934
Event: 2.036 Thread 0x0000018fd9492ae0 Uncommon trap: reason=class_check action=maybe_recompile pc=0x0000018fe541a1d4 method=java.util.HashMap.putVal(ILjava/lang/Object;Ljava/lang/Object;ZZ)Ljava/lang/Object; @ 253 c2
Event: 2.036 Thread 0x0000018fd9492ae0 DEOPT PACKING pc=0x0000018fe541a1d4 sp=0x0000007cd85fdce0
Event: 2.036 Thread 0x0000018fd9492ae0 DEOPT UNPACKING pc=0x0000018fe4e766a3 sp=0x0000007cd85fdc08 mode 2
Event: 2.040 Thread 0x0000018fd9492ae0 Uncommon trap: trap_request=0xffffffde fr.pc=0x0000018fe541a1d4 relative=0x0000000000000934
Event: 2.040 Thread 0x0000018fd9492ae0 Uncommon trap: reason=class_check action=maybe_recompile pc=0x0000018fe541a1d4 method=java.util.HashMap.putVal(ILjava/lang/Object;Ljava/lang/Object;ZZ)Ljava/lang/Object; @ 253 c2
Event: 2.040 Thread 0x0000018fd9492ae0 DEOPT PACKING pc=0x0000018fe541a1d4 sp=0x0000007cd85fdce0
Event: 2.040 Thread 0x0000018fd9492ae0 DEOPT UNPACKING pc=0x0000018fe4e766a3 sp=0x0000007cd85fdc08 mode 2

Classes unloaded (0 events):
No events

Classes redefined (0 events):
No events

Internal exceptions (20 events):
Event: 0.571 Thread 0x0000018fd9492ae0 Exception <a 'java/lang/reflect/InvocationTargetException'{0x00000000eafe9668}> (0x00000000eafe9668) 
thrown [s\src\hotspot\share\runtime\reflection.cpp, line 1121]
Event: 1.032 Thread 0x0000018fd9492ae0 Exception <a 'java/lang/ClassNotFoundException'{0x00000000eb875500}: sun/net/www/protocol/c/Handler> (0x00000000eb875500) 
thrown [s\src\hotspot\share\classfile\systemDictionary.cpp, line 256]
Event: 1.038 Thread 0x0000018fd9492ae0 Exception <a 'java/io/FileNotFoundException'{0x00000000eb88cfd8}> (0x00000000eb88cfd8) 
thrown [s\src\hotspot\share\prims\jni.cpp, line 516]
Event: 1.038 Thread 0x0000018fd9492ae0 Exception <a 'java/io/FileNotFoundException'{0x00000000eb88dce8}> (0x00000000eb88dce8) 
thrown [s\src\hotspot\share\prims\jni.cpp, line 516]
Event: 1.039 Thread 0x0000018fd9492ae0 Exception <a 'java/io/FileNotFoundException'{0x00000000eb88e9d8}> (0x00000000eb88e9d8) 
thrown [s\src\hotspot\share\prims\jni.cpp, line 516]
Event: 1.039 Thread 0x0000018fd9492ae0 Exception <a 'java/io/FileNotFoundException'{0x00000000eb88f698}> (0x00000000eb88f698) 
thrown [s\src\hotspot\share\prims\jni.cpp, line 516]
Event: 1.045 Thread 0x0000018fd9492ae0 Implicit null exception at 0x0000018fe53e2e72 to 0x0000018fe53e3390
Event: 1.049 Thread 0x0000018fd9492ae0 Exception <a 'java/io/FileNotFoundException'{0x00000000eb8c9f78}> (0x00000000eb8c9f78) 
thrown [s\src\hotspot\share\prims\jni.cpp, line 516]
Event: 1.301 Thread 0x0000018fd9492ae0 Exception <a 'java/lang/ClassNotFoundException'{0x00000000ec0ed600}: sun/net/www/protocol/c/Handler> (0x00000000ec0ed600) 
thrown [s\src\hotspot\share\classfile\systemDictionary.cpp, line 256]
Event: 1.301 Thread 0x0000018fd9492ae0 Exception <a 'java/lang/ClassNotFoundException'{0x00000000ec0ee970}: sun/net/www/protocol/c/Handler> (0x00000000ec0ee970) 
thrown [s\src\hotspot\share\classfile\systemDictionary.cpp, line 256]
Event: 1.302 Thread 0x0000018fd9492ae0 Exception <a 'java/lang/ClassNotFoundException'{0x00000000ec0efb38}: sun/net/www/protocol/c/Handler> (0x00000000ec0efb38) 
thrown [s\src\hotspot\share\classfile\systemDictionary.cpp, line 256]
Event: 1.312 Thread 0x0000018fd9492ae0 Exception <a 'java/io/FileNotFoundException'{0x00000000ec113398}> (0x00000000ec113398) 
thrown [s\src\hotspot\share\prims\jni.cpp, line 516]
Event: 1.478 Thread 0x0000018fd9492ae0 Exception <a 'java/lang/NoSuchMethodError'{0x00000000ec3f2388}: 'int java.lang.invoke.DirectMethodHandle$Holder.invokeStaticInit(java.lang.Object, java.lang.Object, java.lang.Object, java.lang.Object)'> (0x00000000ec3f2388) 
thrown [s\src\hotspot\share\interpreter\linkResolver.cpp, line 759]
Event: 1.482 Thread 0x0000018fd9492ae0 Exception <a 'java/lang/NoSuchMethodError'{0x00000000ec3fc9f8}: 'java.lang.Object java.lang.invoke.DirectMethodHandle$Holder.invokeInterface(java.lang.Object, java.lang.Object)'> (0x00000000ec3fc9f8) 
thrown [s\src\hotspot\share\interpreter\linkResolver.cpp, line 759]
Event: 1.492 Thread 0x0000018fd9492ae0 Exception <a 'java/lang/IncompatibleClassChangeError'{0x00000000eab006a8}: Found class java.lang.Object, but interface was expected> (0x00000000eab006a8) 
thrown [s\src\hotspot\share\interpreter\linkResolver.cpp, line 826]
Event: 1.494 Thread 0x0000018fd9492ae0 Exception <a 'java/lang/NoSuchMethodError'{0x00000000eab04c18}: 'void java.lang.invoke.DirectMethodHandle$Holder.invokeStatic(java.lang.Object, java.lang.Object)'> (0x00000000eab04c18) 
thrown [s\src\hotspot\share\interpreter\linkResolver.cpp, line 759]
Event: 1.495 Thread 0x0000018fd9492ae0 Exception <a 'java/lang/NoSuchMethodError'{0x00000000eab08418}: 'void java.lang.invoke.DirectMethodHandle$Holder.invokeStaticInit(java.lang.Object, java.lang.Object)'> (0x00000000eab08418) 
thrown [s\src\hotspot\share\interpreter\linkResolver.cpp, line 759]
Event: 1.497 Thread 0x0000018fd9492ae0 Exception <a 'java/lang/NoSuchMethodError'{0x00000000eab0fb68}: 'int java.lang.invoke.DirectMethodHandle$Holder.invokeStaticInit(java.lang.Object, java.lang.Object)'> (0x00000000eab0fb68) 
thrown [s\src\hotspot\share\interpreter\linkResolver.cpp, line 759]
Event: 1.573 Thread 0x0000018fd9492ae0 Exception <a 'java/lang/NoSuchMethodError'{0x00000000eac78ce0}: 'void java.lang.invoke.DirectMethodHandle$Holder.invokeSpecial(java.lang.Object, java.lang.Object, java.lang.Object)'> (0x00000000eac78ce0) 
thrown [s\src\hotspot\share\interpreter\linkResolver.cpp, line 759]
Event: 2.004 Thread 0x0000018fd9492ae0 Exception <a 'java/lang/NoSuchMethodError'{0x00000000eb930c18}: 'java.lang.Object java.lang.invoke.DirectMethodHandle$Holder.newInvokeSpecial(java.lang.Object, int, java.lang.Object)'> (0x00000000eb930c18) 
thrown [s\src\hotspot\share\interpreter\linkResolver.cpp, line 759]

VM Operations (18 events):
Event: 0.289 Executing VM operation: HandshakeAllThreads
Event: 0.289 Executing VM operation: HandshakeAllThreads done
Event: 0.436 Executing VM operation: HandshakeAllThreads
Event: 0.436 Executing VM operation: HandshakeAllThreads done
Event: 0.999 Executing VM operation: HandshakeAllThreads
Event: 0.999 Executing VM operation: HandshakeAllThreads done
Event: 1.021 Executing VM operation: HandshakeAllThreads
Event: 1.021 Executing VM operation: HandshakeAllThreads done
Event: 1.482 Executing VM operation: ParallelGCFailedAllocation
Event: 1.491 Executing VM operation: ParallelGCFailedAllocation done
Event: 1.955 Executing VM operation: HandshakeAllThreads
Event: 1.955 Executing VM operation: HandshakeAllThreads done
Event: 1.956 Executing VM operation: HandshakeAllThreads
Event: 1.956 Executing VM operation: HandshakeAllThreads done
Event: 1.968 Executing VM operation: HandshakeAllThreads
Event: 1.969 Executing VM operation: HandshakeAllThreads done
Event: 1.996 Executing VM operation: HandshakeAllThreads
Event: 1.996 Executing VM operation: HandshakeAllThreads done

Events (20 events):
Event: 1.937 loading class java/lang/ApplicationShutdownHooks
Event: 1.938 loading class java/util/concurrent/locks/AbstractQueuedSynchronizer$ConditionNode
Event: 1.938 loading class java/util/concurrent/locks/AbstractQueuedSynchronizer$Node
Event: 1.938 loading class java/lang/ApplicationShutdownHooks done
Event: 1.938 loading class java/lang/ApplicationShutdownHooks$1
Event: 1.938 loading class java/util/concurrent/locks/AbstractQueuedSynchronizer$Node done
Event: 1.938 loading class java/util/concurrent/locks/AbstractQueuedSynchronizer$ConditionNode done
Event: 1.938 loading class java/lang/ApplicationShutdownHooks$1 done
Event: 1.968 loading class java/util/ArrayList$ListItr
Event: 1.968 loading class java/util/ArrayList$ListItr done
Event: 1.995 loading class java/util/LinkedList
Event: 1.995 loading class java/util/AbstractSequentialList
Event: 1.996 loading class java/util/AbstractSequentialList done
Event: 1.996 loading class java/util/LinkedList done
Event: 2.039 loading class java/util/ConcurrentModificationException
Event: 2.040 loading class java/util/ConcurrentModificationException done
Event: 2.048 loading class java/net/ContentHandlerFactory
Event: 2.048 loading class java/net/ContentHandlerFactory done
Event: 2.055 loading class java/net/ContentHandler
Event: 2.056 loading class java/net/ContentHandler done


Dynamic libraries:
0x00007ff68d310000 - 0x00007ff68d31e000 	c:\Users\laras\.vscode\extensions\redhat.java-1.33.0-win32-x64\jre\17.0.11-win32-x86_64\bin\java.exe
0x00007ffdc8d70000 - 0x00007ffdc8f87000 	C:\WINDOWS\SYSTEM32\ntdll.dll
0x00007ffdc7a50000 - 0x00007ffdc7b14000 	C:\WINDOWS\System32\KERNEL32.DLL
0x00007ffdc66f0000 - 0x00007ffdc6a9d000 	C:\WINDOWS\System32\KERNELBASE.dll
0x00007ffdc6090000 - 0x00007ffdc61a1000 	C:\WINDOWS\System32\ucrtbase.dll
0x00007ffda3fd0000 - 0x00007ffda3fe7000 	c:\Users\laras\.vscode\extensions\redhat.java-1.33.0-win32-x64\jre\17.0.11-win32-x86_64\bin\jli.dll
0x00007ffdc84b0000 - 0x00007ffdc865e000 	C:\WINDOWS\System32\USER32.dll
0x00007ffdc63f0000 - 0x00007ffdc6416000 	C:\WINDOWS\System32\win32u.dll
0x00007ffdc6b20000 - 0x00007ffdc6b49000 	C:\WINDOWS\System32\GDI32.dll
0x00007ffdc6510000 - 0x00007ffdc6629000 	C:\WINDOWS\System32\gdi32full.dll
0x00007ffdc61e0000 - 0x00007ffdc627a000 	C:\WINDOWS\System32\msvcp_win.dll
0x00007ffda3fb0000 - 0x00007ffda3fcb000 	c:\Users\laras\.vscode\extensions\redhat.java-1.33.0-win32-x64\jre\17.0.11-win32-x86_64\bin\VCRUNTIME140.dll
0x00007ffda6950000 - 0x00007ffda6be3000 	C:\WINDOWS\WinSxS\amd64_microsoft.windows.common-controls_6595b64144ccf1df_6.0.22621.3672_none_2713b9d173822955\COMCTL32.dll
0x00007ffdc74c0000 - 0x00007ffdc7567000 	C:\WINDOWS\System32\msvcrt.dll
0x00007ffdc7b20000 - 0x00007ffdc7b51000 	C:\WINDOWS\System32\IMM32.DLL
0x00007ffdbd830000 - 0x00007ffdbd83c000 	c:\Users\laras\.vscode\extensions\redhat.java-1.33.0-win32-x64\jre\17.0.11-win32-x86_64\bin\vcruntime140_1.dll
0x00007ffd8a7b0000 - 0x00007ffd8a83d000 	c:\Users\laras\.vscode\extensions\redhat.java-1.33.0-win32-x64\jre\17.0.11-win32-x86_64\bin\msvcp140.dll
0x00007ffd4a430000 - 0x00007ffd4b092000 	c:\Users\laras\.vscode\extensions\redhat.java-1.33.0-win32-x64\jre\17.0.11-win32-x86_64\bin\server\jvm.dll
0x00007ffdc8b70000 - 0x00007ffdc8c22000 	C:\WINDOWS\System32\ADVAPI32.dll
0x00007ffdc7940000 - 0x00007ffdc79e9000 	C:\WINDOWS\System32\sechost.dll
0x00007ffdc61b0000 - 0x00007ffdc61d8000 	C:\WINDOWS\System32\bcrypt.dll
0x00007ffdc7b60000 - 0x00007ffdc7c74000 	C:\WINDOWS\System32\RPCRT4.dll
0x00007ffda1430000 - 0x00007ffda1439000 	C:\WINDOWS\SYSTEM32\WSOCK32.dll
0x00007ffdc5950000 - 0x00007ffdc599d000 	C:\WINDOWS\SYSTEM32\POWRPROF.dll
0x00007ffdc6aa0000 - 0x00007ffdc6b11000 	C:\WINDOWS\System32\WS2_32.dll
0x00007ffdc0510000 - 0x00007ffdc0544000 	C:\WINDOWS\SYSTEM32\WINMM.dll
0x00007ffdbb8d0000 - 0x00007ffdbb8da000 	C:\WINDOWS\SYSTEM32\VERSION.dll
0x00007ffdc58e0000 - 0x00007ffdc58f3000 	C:\WINDOWS\SYSTEM32\UMPDC.dll
0x00007ffdc50c0000 - 0x00007ffdc50d8000 	C:\WINDOWS\SYSTEM32\kernel.appcore.dll
0x00007ffdb0c60000 - 0x00007ffdb0c6a000 	c:\Users\laras\.vscode\extensions\redhat.java-1.33.0-win32-x64\jre\17.0.11-win32-x86_64\bin\jimage.dll
0x00007ffdb89b0000 - 0x00007ffdb8be2000 	C:\WINDOWS\SYSTEM32\DBGHELP.DLL
0x00007ffdc7590000 - 0x00007ffdc791d000 	C:\WINDOWS\System32\combase.dll
0x00007ffdc83d0000 - 0x00007ffdc84a7000 	C:\WINDOWS\System32\OLEAUT32.dll
0x00007ffda9d00000 - 0x00007ffda9d32000 	C:\WINDOWS\SYSTEM32\dbgcore.DLL
0x00007ffdc6420000 - 0x00007ffdc649b000 	C:\WINDOWS\System32\bcryptPrimitives.dll
0x00007ffdaffb0000 - 0x00007ffdaffbe000 	c:\Users\laras\.vscode\extensions\redhat.java-1.33.0-win32-x64\jre\17.0.11-win32-x86_64\bin\instrument.dll
0x00007ffda1030000 - 0x00007ffda1055000 	c:\Users\laras\.vscode\extensions\redhat.java-1.33.0-win32-x64\jre\17.0.11-win32-x86_64\bin\java.dll
0x00007ffda3aa0000 - 0x00007ffda3ab8000 	c:\Users\laras\.vscode\extensions\redhat.java-1.33.0-win32-x64\jre\17.0.11-win32-x86_64\bin\zip.dll
0x00007ffdc6c50000 - 0x00007ffdc74b8000 	C:\WINDOWS\System32\SHELL32.dll
0x00007ffdc3f90000 - 0x00007ffdc488e000 	C:\WINDOWS\SYSTEM32\windows.storage.dll
0x00007ffdc3e50000 - 0x00007ffdc3f8f000 	C:\WINDOWS\SYSTEM32\wintypes.dll
0x00007ffdc6b50000 - 0x00007ffdc6c49000 	C:\WINDOWS\System32\SHCORE.dll
0x00007ffdc79f0000 - 0x00007ffdc7a4e000 	C:\WINDOWS\System32\shlwapi.dll
0x00007ffdc5fc0000 - 0x00007ffdc5fe1000 	C:\WINDOWS\SYSTEM32\profapi.dll
0x00007ffda1410000 - 0x00007ffda1429000 	C:\Users\laras\.vscode\extensions\redhat.java-1.33.0-win32-x64\jre\17.0.11-win32-x86_64\bin\net.dll
0x00007ffdc1c20000 - 0x00007ffdc1d56000 	C:\WINDOWS\SYSTEM32\WINHTTP.dll
0x00007ffdc5530000 - 0x00007ffdc5599000 	C:\WINDOWS\system32\mswsock.dll
0x00007ffda0f30000 - 0x00007ffda0f46000 	C:\Users\laras\.vscode\extensions\redhat.java-1.33.0-win32-x64\jre\17.0.11-win32-x86_64\bin\nio.dll
0x00007ffdae560000 - 0x00007ffdae570000 	c:\Users\laras\.vscode\extensions\redhat.java-1.33.0-win32-x64\jre\17.0.11-win32-x86_64\bin\verify.dll

dbghelp: loaded successfully - version: 4.0.5 - missing functions: none
symbol engine: initialized successfully - sym options: 0x614 - pdb path: .;c:\Users\laras\.vscode\extensions\redhat.java-1.33.0-win32-x64\jre\17.0.11-win32-x86_64\bin;C:\WINDOWS\SYSTEM32;C:\WINDOWS\WinSxS\amd64_microsoft.windows.common-controls_6595b64144ccf1df_6.0.22621.3672_none_2713b9d173822955;c:\Users\laras\.vscode\extensions\redhat.java-1.33.0-win32-x64\jre\17.0.11-win32-x86_64\bin\server

VM Arguments:
jvm_args: --add-modules=ALL-SYSTEM --add-opens=java.base/java.util=ALL-UNNAMED --add-opens=java.base/java.lang=ALL-UNNAMED --add-opens=java.base/sun.nio.fs=ALL-UNNAMED -Declipse.application=org.eclipse.jdt.ls.core.id1 -Dosgi.bundles.defaultStartLevel=4 -Declipse.product=org.eclipse.jdt.ls.core.product -Djava.import.generatesMetadataFilesAtProjectRoot=false -DDetectVMInstallationsJob.disabled=true -Dfile.encoding=utf8 -XX:+UseParallelGC -XX:GCTimeRatio=4 -XX:AdaptiveSizePolicyWeight=90 -Dsun.zip.disableMemoryMapping=true -Xmx1G -Xms100m -Xlog:disable -javaagent:c:\Users\laras\.vscode\extensions\redhat.java-1.33.0-win32-x64\lombok\lombok-1.18.33.jar 
java_command: c:\Users\laras\.vscode\extensions\redhat.java-1.33.0-win32-x64\server\plugins\org.eclipse.equinox.launcher_1.6.900.v20240613-2009.jar -configuration c:\Users\laras\AppData\Roaming\Code\User\globalStorage\redhat.java\1.33.0\config_ss_win -data c:\Users\laras\AppData\Roaming\Code\User\workspaceStorage\94a460dcca388fc052c458c9e4340674\redhat.java\ss_ws --pipe=\\.\pipe\lsp-b3a4874a07f849ff97af3704c1b78498-sock
java_class_path (initial): c:\Users\laras\.vscode\extensions\redhat.java-1.33.0-win32-x64\server\plugins\org.eclipse.equinox.launcher_1.6.900.v20240613-2009.jar
Launcher Type: SUN_STANDARD

[Global flags]
    uintx AdaptiveSizePolicyWeight                 = 90                                        {product} {command line}
     intx CICompilerCount                          = 4                                         {product} {ergonomic}
    uintx GCTimeRatio                              = 4                                         {product} {command line}
   size_t InitialHeapSize                          = 104857600                                 {product} {command line}
   size_t MaxHeapSize                              = 1073741824                                {product} {command line}
   size_t MaxNewSize                               = 357564416                                 {product} {ergonomic}
   size_t MinHeapDeltaBytes                        = 524288                                    {product} {ergonomic}
   size_t MinHeapSize                              = 104857600                                 {product} {command line}
   size_t NewSize                                  = 34603008                                  {product} {ergonomic}
    uintx NonNMethodCodeHeapSize                   = 5839372                                {pd product} {ergonomic}
    uintx NonProfiledCodeHeapSize                  = 122909434                              {pd product} {ergonomic}
   size_t OldSize                                  = 70254592                                  {product} {ergonomic}
    uintx ProfiledCodeHeapSize                     = 122909434                              {pd product} {ergonomic}
    uintx ReservedCodeCacheSize                    = 251658240                              {pd product} {ergonomic}
     bool SegmentedCodeCache                       = true                                      {product} {ergonomic}
   size_t SoftMaxHeapSize                          = 1073741824                             {manageable} {ergonomic}
     bool UseCompressedClassPointers               = true                           {product lp64_product} {ergonomic}
     bool UseCompressedOops                        = true                           {product lp64_product} {ergonomic}
     bool UseLargePagesIndividualAllocation        = false                                  {pd product} {ergonomic}
     bool UseParallelGC                            = true                                      {product} {command line}

Logging:
Log output configuration:
 #0: stdout all=off uptime,level,tags
 #1: stderr all=off uptime,level,tags

Environment Variables:
JAVA_HOME=C:\Program Files\Java\jdk-19
PATH=C:\Program Files\Common Files\Oracle\Java\javapath;C:\oraclexe\app\oracle\product\11.2.0\server\bin;C:\app\La\product\18.0.0\dbhomeXE\bin;C:\app\La\product\21c\dbhomeXE\bin;C:\windows\system32;C:\windows;C:\windows\System32\Wbem;C:\windows\System32\WindowsPowerShell\v1.0\;C:\windows\System32\OpenSSH\;C:\Program Files\dotnet\;C:\Program Files\Git\cmd;C:\WINDOWS\system32;C:\WINDOWS;C:\WINDOWS\System32\Wbem;C:\WINDOWS\System32\WindowsPowerShell\v1.0\;C:\WINDOWS\System32\OpenSSH\;C:\xampp\php;C:\ProgramData\ComposerSetup\bin;C:\Program Files\Maven\apache-maven-3.9.4\bin;C:\Program Files\nodejs\;C:\ProgramData\chocolatey\bin;C:\Users\laras\AppData\Local\Android\Sdk\platform-tools;C:\Users\laras\AppData\Local\Android\Sdk\tools\bin;C:\Program Files\HP\HP One Agent;C:\Users\laras\miniconda3;C:\Users\laras\miniconda3\Scripts;C:\Users\laras\miniconda3\Library\bin;C:\Users\laras\miniconda3;C:\Users\laras\miniconda3\Scripts;C:\Users\laras\miniconda3\Library\bin;C:\Users\laras\AppData\Local\Microsoft\WindowsApps;C:\Users\laras\AppData\Local\Programs\Microsoft VS Code\bin;C:\xampp\mysql\bin;C:\Users\laras\.dotnet\tools;C:\Users\laras\AppData\Roaming\Composer\vendor\bin;C:\Program Files\JetBrains\IntelliJ IDEA 2023.2\bin;;C:\Users\laras\AppData\Roaming\npm;
USERNAME=La
OS=Windows_NT
PROCESSOR_IDENTIFIER=AMD64 Family 23 Model 104 Stepping 1, AuthenticAMD
TMP=C:\Users\laras\AppData\Local\Temp
TEMP=C:\Users\laras\AppData\Local\Temp



Periodic native trim disabled


---------------  S Y S T E M  ---------------

OS:
 Windows 11 , 64 bit Build 22621 (10.0.22621.3958)
OS uptime: 0 days 21:28 hours
Hyper-V role detected

CPU: total 12 (initial active 12) (12 cores per cpu, 2 threads per core) family 23 model 104 stepping 1 microcode 0x0, cx8, cmov, fxsr, ht, mmx, 3dnowpref, sse, sse2, sse3, ssse3, sse4a, sse4.1, sse4.2, popcnt, lzcnt, tsc, tscinvbit, avx, avx2, aes, clmul, bmi1, bmi2, adx, sha, fma, vzeroupper, clflush, clflushopt, hv
Processor Information for all 12 processors :
  Max Mhz: 2100, Current Mhz: 2100, Mhz Limit: 2100

Memory: 4k page, system-wide physical 7502M (224M free)
TotalPageFile size 12523M (AvailPageFile size 13M)
current process WorkingSet (physical memory assigned to process): 80M, peak: 80M
current process commit charge ("private bytes"): 208M, peak: 209M

vm_info: OpenJDK 64-Bit Server VM (17.0.11+9) for windows-amd64 JRE (17.0.11+9), built on Apr 17 2024 06:07:48 by "admin" with MS VC++ 16.10 / 16.11 (VS2019)

END.
