#
# There is insufficient memory for the Java Runtime Environment to continue.
# Native memory allocation (malloc) failed to allocate 321568 bytes. Error detail: Chunk::new
# Possible reasons:
#   The system is out of physical RAM or swap space
#   This process is running with CompressedOops enabled, and the Java Heap may be blocking the growth of the native heap
# Possible solutions:
#   Reduce memory load on the system
#   Increase physical memory or swap space
#   Check if swap backing store is full
#   Decrease Java heap size (-Xmx/-Xms)
#   Decrease number of Java threads
#   Decrease Java thread stack sizes (-Xss)
#   Set larger code cache with -XX:ReservedCodeCacheSize=
#   JVM is running with Unscaled Compressed Oops mode in which the Java heap is
#     placed in the first 4GB address space. The Java Heap base address is the
#     maximum limit for the native heap growth. Please use -XX:HeapBaseMinAddress
#     to set the Java Heap base and to place the Java Heap above 4GB virtual address.
# This output file may be truncated or incomplete.
#
#  Out of Memory Error (arena.cpp:191), pid=13316, tid=14688
#
# JRE version: OpenJDK Runtime Environment Temurin-17.0.11+9 (17.0.11+9) (build 17.0.11+9)
# Java VM: OpenJDK 64-Bit Server VM Temurin-17.0.11+9 (17.0.11+9, mixed mode, tiered, compressed oops, compressed class ptrs, parallel gc, windows-amd64)
# No core dump will be written. Minidumps are not enabled by default on client versions of Windows
#

---------------  S U M M A R Y ------------

Command Line: --add-modules=ALL-SYSTEM --add-opens=java.base/java.util=ALL-UNNAMED --add-opens=java.base/java.lang=ALL-UNNAMED --add-opens=java.base/sun.nio.fs=ALL-UNNAMED -Declipse.application=org.eclipse.jdt.ls.core.id1 -Dosgi.bundles.defaultStartLevel=4 -Declipse.product=org.eclipse.jdt.ls.core.product -Djava.import.generatesMetadataFilesAtProjectRoot=false -DDetectVMInstallationsJob.disabled=true -Dfile.encoding=utf8 -XX:+UseParallelGC -XX:GCTimeRatio=4 -XX:AdaptiveSizePolicyWeight=90 -Dsun.zip.disableMemoryMapping=true -Xmx1G -Xms100m -Xlog:disable -javaagent:c:\Users\laras\.vscode\extensions\redhat.java-1.33.0-win32-x64\lombok\lombok-1.18.33.jar -XX:+HeapDumpOnOutOfMemoryError -XX:HeapDumpPath=c:\Users\laras\AppData\Roaming\Code\User\workspaceStorage\94a460dcca388fc052c458c9e4340674\redhat.java -Daether.dependencyCollector.impl=bf c:\Users\laras\.vscode\extensions\redhat.java-1.33.0-win32-x64\server\plugins\org.eclipse.equinox.launcher_1.6.900.v20240613-2009.jar -configuration c:\Users\laras\AppData\Roaming\Code\User\globalStorage\redhat.java\1.33.0\config_win -data c:\Users\laras\AppData\Roaming\Code\User\workspaceStorage\94a460dcca388fc052c458c9e4340674\redhat.java\jdt_ws --pipe=\\.\pipe\lsp-755045baeb12d6ea39e5d170377c29b9-sock

Host: AMD Ryzen 5 5500U with Radeon Graphics         , 12 cores, 7G,  Windows 11 , 64 bit Build 22621 (10.0.22621.3958)
Time: Wed Aug 21 14:05:39 2024 SE Asia Standard Time elapsed time: 1.250330 seconds (0d 0h 0m 1s)

---------------  T H R E A D  ---------------

Current thread (0x0000020075844a30):  JavaThread "C2 CompilerThread2" daemon [_thread_in_native, id=14688, stack(0x000000ff8ee00000,0x000000ff8ef00000)]


Current CompileTask:
C2:   1250 1378   !   4       lombok.patcher.ScriptManager$OurClassFileTransformer::transform (364 bytes)

Stack: [0x000000ff8ee00000,0x000000ff8ef00000]
Native frames: (J=compiled Java code, j=interpreted, Vv=VM code, C=native code)
V  [jvm.dll+0x67d429]
V  [jvm.dll+0x834b7a]
V  [jvm.dll+0x83663e]
V  [jvm.dll+0x836ca3]
V  [jvm.dll+0x247dbf]
V  [jvm.dll+0xac534]
V  [jvm.dll+0xacb7c]
V  [jvm.dll+0x366647]
V  [jvm.dll+0x330bba]
V  [jvm.dll+0x33005a]
V  [jvm.dll+0x21a471]
V  [jvm.dll+0x2198b1]
V  [jvm.dll+0x1a534d]
V  [jvm.dll+0x2295cd]
V  [jvm.dll+0x22779c]
V  [jvm.dll+0x7e9d07]
V  [jvm.dll+0x7e410a]
V  [jvm.dll+0x67c315]
C  [ucrtbase.dll+0x29333]
C  [KERNEL32.DLL+0x1257d]
C  [ntdll.dll+0x5af28]


---------------  P R O C E S S  ---------------

Threads class SMR info:
_java_thread_list=0x0000020076361fa0, length=15, elements={
0x000002005b12b800, 0x0000020074099040, 0x000002007409a310, 0x000002006efa9070,
0x000002006efa9ba0, 0x00000200740b5f50, 0x00000200740be170, 0x00000200740c5750,
0x00000200740e9b80, 0x00000200740ea490, 0x00000200741a9910, 0x00000200743c4020,
0x000002007436d350, 0x0000020075844a30, 0x0000020076362060
}

Java Threads: ( => current thread )
  0x000002005b12b800 JavaThread "main" [_thread_in_vm, id=312, stack(0x000000ff8de00000,0x000000ff8df00000)]
  0x0000020074099040 JavaThread "Reference Handler" daemon [_thread_blocked, id=7604, stack(0x000000ff8e100000,0x000000ff8e200000)]
  0x000002007409a310 JavaThread "Finalizer" daemon [_thread_blocked, id=17708, stack(0x000000ff8e200000,0x000000ff8e300000)]
  0x000002006efa9070 JavaThread "Signal Dispatcher" daemon [_thread_blocked, id=18056, stack(0x000000ff8e300000,0x000000ff8e400000)]
  0x000002006efa9ba0 JavaThread "Attach Listener" daemon [_thread_blocked, id=9720, stack(0x000000ff8e400000,0x000000ff8e500000)]
  0x00000200740b5f50 JavaThread "Service Thread" daemon [_thread_blocked, id=5828, stack(0x000000ff8e500000,0x000000ff8e600000)]
  0x00000200740be170 JavaThread "Monitor Deflation Thread" daemon [_thread_blocked, id=9304, stack(0x000000ff8e600000,0x000000ff8e700000)]
  0x00000200740c5750 JavaThread "C2 CompilerThread0" daemon [_thread_blocked, id=6700, stack(0x000000ff8e700000,0x000000ff8e800000)]
  0x00000200740e9b80 JavaThread "C1 CompilerThread0" daemon [_thread_blocked, id=13512, stack(0x000000ff8e800000,0x000000ff8e900000)]
  0x00000200740ea490 JavaThread "Sweeper thread" daemon [_thread_blocked, id=7932, stack(0x000000ff8e900000,0x000000ff8ea00000)]
  0x00000200741a9910 JavaThread "Common-Cleaner" daemon [_thread_blocked, id=3260, stack(0x000000ff8ea00000,0x000000ff8eb00000)]
  0x00000200743c4020 JavaThread "C2 CompilerThread1" daemon [_thread_blocked, id=14324, stack(0x000000ff8eb00000,0x000000ff8ec00000)]
  0x000002007436d350 JavaThread "Notification Thread" daemon [_thread_blocked, id=14116, stack(0x000000ff8ec00000,0x000000ff8ed00000)]
=>0x0000020075844a30 JavaThread "C2 CompilerThread2" daemon [_thread_in_native, id=14688, stack(0x000000ff8ee00000,0x000000ff8ef00000)]
  0x0000020076362060 JavaThread "Active Thread: Equinox Container: 1fec164c-e917-4535-aec0-729cabc4284b" [_thread_blocked, id=11852, stack(0x000000ff8f500000,0x000000ff8f600000)]

Other Threads:
  0x000002005b1b6da0 VMThread "VM Thread" [stack: 0x000000ff8e000000,0x000000ff8e100000] [id=19028]
  0x00000200743c9b90 WatcherThread [stack: 0x000000ff8ed00000,0x000000ff8ee00000] [id=18712]
  0x000002005b141ef0 GCTaskThread "GC Thread#0" [stack: 0x000000ff8df00000,0x000000ff8e000000] [id=15112]
  0x0000020075dcb8c0 GCTaskThread "GC Thread#1" [stack: 0x000000ff8ef00000,0x000000ff8f000000] [id=2720]
  0x0000020075dcbb80 GCTaskThread "GC Thread#2" [stack: 0x000000ff8f000000,0x000000ff8f100000] [id=10668]
  0x0000020075dcbe40 GCTaskThread "GC Thread#3" [stack: 0x000000ff8f100000,0x000000ff8f200000] [id=11896]
  0x0000020075dcc100 GCTaskThread "GC Thread#4" [stack: 0x000000ff8f200000,0x000000ff8f300000] [id=11676]
  0x0000020075dcc3c0 GCTaskThread "GC Thread#5" [stack: 0x000000ff8f300000,0x000000ff8f400000] [id=20072]
  0x0000020075e27220 GCTaskThread "GC Thread#6" [stack: 0x000000ff8f400000,0x000000ff8f500000] [id=5880]

Threads with active compile tasks:
C1 CompilerThread0     1273 1412       1       org.eclipse.osgi.internal.framework.EquinoxBundle::getModule (5 bytes)
C2 CompilerThread2     1273 1378   !   4       lombok.patcher.ScriptManager$OurClassFileTransformer::transform (364 bytes)

VM state: not at safepoint (normal execution)

VM Mutex/Monitor currently owned by a thread: None

Heap address: 0x00000000c0000000, size: 1024 MB, Compressed Oops mode: 32-bit

CDS archive(s) not mapped
Compressed class space mapped at: 0x0000000100000000-0x0000000140000000, reserved size: 1073741824
Narrow klass base: 0x0000000000000000, Narrow klass shift: 3, Narrow klass range: 0x140000000

GC Precious Log:
 CPUs: 12 total, 12 available
 Memory: 7502M
 Large Page Support: Disabled
 NUMA Support: Disabled
 Compressed Oops: Enabled (32-bit)
 Alignments: Space 512K, Generation 512K, Heap 2M
 Heap Min Capacity: 100M
 Heap Initial Capacity: 100M
 Heap Max Capacity: 1G
 Pre-touch: Disabled
 Parallel Workers: 10

Heap:
 PSYoungGen      total 29696K, used 20186K [0x00000000eab00000, 0x00000000ecc00000, 0x0000000100000000)
  eden space 25600K, 66% used [0x00000000eab00000,0x00000000ebba3170,0x00000000ec400000)
  from space 4096K, 76% used [0x00000000ec400000,0x00000000ec713758,0x00000000ec800000)
  to   space 4096K, 0% used [0x00000000ec800000,0x00000000ec800000,0x00000000ecc00000)
 ParOldGen       total 68608K, used 16K [0x00000000c0000000, 0x00000000c4300000, 0x00000000eab00000)
  object space 68608K, 0% used [0x00000000c0000000,0x00000000c0004000,0x00000000c4300000)
 Metaspace       used 13305K, committed 13440K, reserved 1114112K
  class space    used 1315K, committed 1408K, reserved 1048576K

Card table byte_map: [0x000002005aab0000,0x000002005acc0000] _byte_map_base: 0x000002005a4b0000

Marking Bits: (ParMarkBitMap*) 0x00007ffd4ad0d820
 Begin Bits: [0x000002006cdb0000, 0x000002006ddb0000)
 End Bits:   [0x000002006ddb0000, 0x000002006edb0000)

Polling page: 0x0000020059060000

Metaspace:

Usage:
  Non-class:     11.71 MB used.
      Class:      1.28 MB used.
       Both:     12.99 MB used.

Virtual space:
  Non-class space:       64.00 MB reserved,      11.75 MB ( 18%) committed,  1 nodes.
      Class space:        1.00 GB reserved,       1.38 MB ( <1%) committed,  1 nodes.
             Both:        1.06 GB reserved,      13.12 MB (  1%) committed. 

Chunk freelists:
   Non-Class:  3.69 MB
       Class:  14.53 MB
        Both:  18.22 MB

MaxMetaspaceSize: unlimited
CompressedClassSpaceSize: 1.00 GB
Initial GC threshold: 21.00 MB
Current GC threshold: 21.00 MB
CDS: off
MetaspaceReclaimPolicy: balanced
 - commit_granule_bytes: 65536.
 - commit_granule_words: 8192.
 - virtual_space_node_default_size: 8388608.
 - enlarge_chunks_in_place: 1.
 - new_chunks_are_fully_committed: 0.
 - uncommit_free_chunks: 1.
 - use_allocation_guard: 0.
 - handle_deallocations: 1.


Internal statistics:

num_allocs_failed_limit: 0.
num_arena_births: 52.
num_arena_deaths: 0.
num_vsnodes_births: 2.
num_vsnodes_deaths: 0.
num_space_committed: 210.
num_space_uncommitted: 0.
num_chunks_returned_to_freelist: 0.
num_chunks_taken_from_freelist: 207.
num_chunk_merges: 0.
num_chunk_splits: 131.
num_chunks_enlarged: 102.
num_inconsistent_stats: 0.

CodeHeap 'non-profiled nmethods': size=120000Kb used=594Kb max_used=594Kb free=119405Kb
 bounds [0x0000020065880000, 0x0000020065af0000, 0x000002006cdb0000]
CodeHeap 'profiled nmethods': size=120000Kb used=2420Kb max_used=2420Kb free=117579Kb
 bounds [0x000002005ddb0000, 0x000002005e020000, 0x00000200652e0000]
CodeHeap 'non-nmethods': size=5760Kb used=1151Kb max_used=1183Kb free=4608Kb
 bounds [0x00000200652e0000, 0x0000020065550000, 0x0000020065880000]
 total_blobs=1855 nmethods=1411 adapters=359
 compilation: enabled
              stopped_count=0, restarted_count=0
 full_count=0

Compilation events (20 events):
Event: 1.211 Thread 0x00000200740e9b80 nmethod 1376 0x000002005dffac10 code [0x000002005dffae40, 0x000002005dffb728]
Event: 1.214 Thread 0x00000200740e9b80 1377       3       java.lang.String::contains (19 bytes)
Event: 1.214 Thread 0x0000020075844a30 1378   !   4       lombok.patcher.ScriptManager$OurClassFileTransformer::transform (364 bytes)
Event: 1.215 Thread 0x00000200740e9b80 nmethod 1377 0x000002005dffbb90 code [0x000002005dffbd40, 0x000002005dffbf98]
Event: 1.219 Thread 0x00000200740c5750 nmethod 1352 0x0000020065910e90 code [0x0000020065911040, 0x0000020065911ae8]
Event: 1.224 Thread 0x00000200740e9b80 1379   !   3       java.util.zip.ZipFile$CleanableResource::getInflater (47 bytes)
Event: 1.224 Thread 0x00000200740e9b80 nmethod 1379 0x000002005dffc090 code [0x000002005dffc260, 0x000002005dffc738]
Event: 1.224 Thread 0x00000200740e9b80 1380       3       java.util.zip.ZipFile$ZipFileInflaterInputStream::<init> (41 bytes)
Event: 1.225 Thread 0x00000200740e9b80 nmethod 1380 0x000002005dffc990 code [0x000002005dffcb60, 0x000002005dffcef8]
Event: 1.225 Thread 0x00000200740e9b80 1381       3       java.util.zip.InflaterInputStream::<init> (79 bytes)
Event: 1.225 Thread 0x00000200740e9b80 nmethod 1381 0x000002005dffd090 code [0x000002005dffd280, 0x000002005dffd918]
Event: 1.225 Thread 0x00000200740e9b80 1382       3       java.util.zip.ZipFile$InflaterCleanupAction::<init> (15 bytes)
Event: 1.225 Thread 0x00000200740e9b80 nmethod 1382 0x000002005dffdb10 code [0x000002005dffdca0, 0x000002005dffde38]
Event: 1.225 Thread 0x00000200740e9b80 1383   !   3       java.util.zip.ZipFile$ZipFileInflaterInputStream::close (67 bytes)
Event: 1.226 Thread 0x00000200740e9b80 nmethod 1383 0x000002005dffdf10 code [0x000002005dffe140, 0x000002005dffe958]
Event: 1.226 Thread 0x00000200740e9b80 1384       3       java.util.zip.InflaterInputStream::close (34 bytes)
Event: 1.226 Thread 0x00000200740e9b80 nmethod 1384 0x000002005dffed10 code [0x000002005dffeec0, 0x000002005dfff178]
Event: 1.246 Thread 0x00000200740e9b80 1385       3       java.lang.ClassLoader::compareCerts (197 bytes)
Event: 1.247 Thread 0x00000200740e9b80 nmethod 1385 0x000002005dfff290 code [0x000002005dfff4a0, 0x000002005dfffd38]
Event: 1.247 Thread 0x00000200740e9b80 1386       3       java.net.URLStreamHandler::setURL (159 bytes)

GC Heap History (2 events):
Event: 0.799 GC heap before
{Heap before GC invocations=1 (full 0):
 PSYoungGen      total 29696K, used 25600K [0x00000000eab00000, 0x00000000ecc00000, 0x0000000100000000)
  eden space 25600K, 100% used [0x00000000eab00000,0x00000000ec400000,0x00000000ec400000)
  from space 4096K, 0% used [0x00000000ec800000,0x00000000ec800000,0x00000000ecc00000)
  to   space 4096K, 0% used [0x00000000ec400000,0x00000000ec400000,0x00000000ec800000)
 ParOldGen       total 68608K, used 0K [0x00000000c0000000, 0x00000000c4300000, 0x00000000eab00000)
  object space 68608K, 0% used [0x00000000c0000000,0x00000000c0000000,0x00000000c4300000)
 Metaspace       used 10963K, committed 11136K, reserved 1114112K
  class space    used 1091K, committed 1216K, reserved 1048576K
}
Event: 0.808 GC heap after
{Heap after GC invocations=1 (full 0):
 PSYoungGen      total 29696K, used 3149K [0x00000000eab00000, 0x00000000ecc00000, 0x0000000100000000)
  eden space 25600K, 0% used [0x00000000eab00000,0x00000000eab00000,0x00000000ec400000)
  from space 4096K, 76% used [0x00000000ec400000,0x00000000ec713758,0x00000000ec800000)
  to   space 4096K, 0% used [0x00000000ec800000,0x00000000ec800000,0x00000000ecc00000)
 ParOldGen       total 68608K, used 16K [0x00000000c0000000, 0x00000000c4300000, 0x00000000eab00000)
  object space 68608K, 0% used [0x00000000c0000000,0x00000000c0004000,0x00000000c4300000)
 Metaspace       used 10963K, committed 11136K, reserved 1114112K
  class space    used 1091K, committed 1216K, reserved 1048576K
}

Dll operation events (8 events):
Event: 0.009 Loaded shared library c:\Users\laras\.vscode\extensions\redhat.java-1.33.0-win32-x64\jre\17.0.11-win32-x86_64\bin\java.dll
Event: 0.137 Loaded shared library c:\Users\laras\.vscode\extensions\redhat.java-1.33.0-win32-x64\jre\17.0.11-win32-x86_64\bin\zip.dll
Event: 0.140 Loaded shared library C:\Users\laras\.vscode\extensions\redhat.java-1.33.0-win32-x64\jre\17.0.11-win32-x86_64\bin\instrument.dll
Event: 0.158 Loaded shared library C:\Users\laras\.vscode\extensions\redhat.java-1.33.0-win32-x64\jre\17.0.11-win32-x86_64\bin\net.dll
Event: 0.163 Loaded shared library C:\Users\laras\.vscode\extensions\redhat.java-1.33.0-win32-x64\jre\17.0.11-win32-x86_64\bin\nio.dll
Event: 0.171 Loaded shared library C:\Users\laras\.vscode\extensions\redhat.java-1.33.0-win32-x64\jre\17.0.11-win32-x86_64\bin\zip.dll
Event: 0.186 Loaded shared library C:\Users\laras\.vscode\extensions\redhat.java-1.33.0-win32-x64\jre\17.0.11-win32-x86_64\bin\jimage.dll
Event: 0.238 Loaded shared library c:\Users\laras\.vscode\extensions\redhat.java-1.33.0-win32-x64\jre\17.0.11-win32-x86_64\bin\verify.dll

Deoptimization events (20 events):
Event: 0.954 Thread 0x000002005b12b800 Uncommon trap: trap_request=0xffffff45 fr.pc=0x00000200658c0cd0 relative=0x0000000000000f30
Event: 0.954 Thread 0x000002005b12b800 Uncommon trap: reason=unstable_if action=reinterpret pc=0x00000200658c0cd0 method=lombok.patcher.PatchScript.classMatches(Ljava/lang/String;Ljava/util/Collection;)Z @ 25 c2
Event: 0.954 Thread 0x000002005b12b800 DEOPT PACKING pc=0x00000200658c0cd0 sp=0x000000ff8def8160
Event: 0.954 Thread 0x000002005b12b800 DEOPT UNPACKING pc=0x00000200653366a3 sp=0x000000ff8def80b8 mode 2
Event: 0.954 Thread 0x000002005b12b800 Uncommon trap: trap_request=0xffffff45 fr.pc=0x00000200658d2e68 relative=0x0000000000000448
Event: 0.954 Thread 0x000002005b12b800 Uncommon trap: reason=unstable_if action=reinterpret pc=0x00000200658d2e68 method=java.lang.String.<init>([BIILjava/nio/charset/Charset;)V @ 47 c2
Event: 0.954 Thread 0x000002005b12b800 DEOPT PACKING pc=0x00000200658d2e68 sp=0x000000ff8def7520
Event: 0.954 Thread 0x000002005b12b800 DEOPT UNPACKING pc=0x00000200653366a3 sp=0x000000ff8def74d8 mode 2
Event: 0.956 Thread 0x000002005b12b800 DEOPT PACKING pc=0x000002005de24645 sp=0x000000ff8def75f0
Event: 0.956 Thread 0x000002005b12b800 DEOPT UNPACKING pc=0x0000020065336e43 sp=0x000000ff8def6aa0 mode 0
Event: 0.973 Thread 0x000002005b12b800 DEOPT PACKING pc=0x000002005de24645 sp=0x000000ff8def39d0
Event: 0.973 Thread 0x000002005b12b800 DEOPT UNPACKING pc=0x0000020065336e43 sp=0x000000ff8def2e80 mode 0
Event: 0.980 Thread 0x000002005b12b800 DEOPT PACKING pc=0x000002005de24645 sp=0x000000ff8def39d0
Event: 0.980 Thread 0x000002005b12b800 DEOPT UNPACKING pc=0x0000020065336e43 sp=0x000000ff8def2e80 mode 0
Event: 0.999 Thread 0x000002005b12b800 DEOPT PACKING pc=0x000002005de24645 sp=0x000000ff8def74c0
Event: 0.999 Thread 0x000002005b12b800 DEOPT UNPACKING pc=0x0000020065336e43 sp=0x000000ff8def6970 mode 0
Event: 1.013 Thread 0x000002005b12b800 DEOPT PACKING pc=0x000002005de24645 sp=0x000000ff8def3660
Event: 1.013 Thread 0x000002005b12b800 DEOPT UNPACKING pc=0x0000020065336e43 sp=0x000000ff8def2b10 mode 0
Event: 1.197 Thread 0x000002005b12b800 DEOPT PACKING pc=0x000002005dfea4a9 sp=0x000000ff8defde10
Event: 1.197 Thread 0x000002005b12b800 DEOPT UNPACKING pc=0x0000020065336e43 sp=0x000000ff8defd268 mode 3

Classes unloaded (0 events):
No events

Classes redefined (0 events):
No events

Internal exceptions (20 events):
Event: 0.528 Thread 0x000002005b12b800 Exception <a 'java/io/FileNotFoundException'{0x00000000eb893c90}> (0x00000000eb893c90) 
thrown [s\src\hotspot\share\prims\jni.cpp, line 516]
Event: 0.528 Thread 0x000002005b12b800 Exception <a 'java/io/FileNotFoundException'{0x00000000eb894980}> (0x00000000eb894980) 
thrown [s\src\hotspot\share\prims\jni.cpp, line 516]
Event: 0.528 Thread 0x000002005b12b800 Exception <a 'java/io/FileNotFoundException'{0x00000000eb895640}> (0x00000000eb895640) 
thrown [s\src\hotspot\share\prims\jni.cpp, line 516]
Event: 0.533 Thread 0x000002005b12b800 Implicit null exception at 0x00000200658a3ef2 to 0x00000200658a4410
Event: 0.537 Thread 0x000002005b12b800 Exception <a 'java/io/FileNotFoundException'{0x00000000eb8d0158}> (0x00000000eb8d0158) 
thrown [s\src\hotspot\share\prims\jni.cpp, line 516]
Event: 0.694 Thread 0x000002005b12b800 Exception <a 'java/lang/ClassNotFoundException'{0x00000000ec0f08d0}: sun/net/www/protocol/c/Handler> (0x00000000ec0f08d0) 
thrown [s\src\hotspot\share\classfile\systemDictionary.cpp, line 256]
Event: 0.694 Thread 0x000002005b12b800 Exception <a 'java/lang/ClassNotFoundException'{0x00000000ec0f1c40}: sun/net/www/protocol/c/Handler> (0x00000000ec0f1c40) 
thrown [s\src\hotspot\share\classfile\systemDictionary.cpp, line 256]
Event: 0.694 Thread 0x000002005b12b800 Exception <a 'java/lang/ClassNotFoundException'{0x00000000ec0f2e08}: sun/net/www/protocol/c/Handler> (0x00000000ec0f2e08) 
thrown [s\src\hotspot\share\classfile\systemDictionary.cpp, line 256]
Event: 0.701 Thread 0x000002005b12b800 Exception <a 'java/io/FileNotFoundException'{0x00000000ec11a238}> (0x00000000ec11a238) 
thrown [s\src\hotspot\share\prims\jni.cpp, line 516]
Event: 0.740 Thread 0x000002005b12b800 Implicit null exception at 0x00000200658d86fb to 0x00000200658d9080
Event: 0.740 Thread 0x000002005b12b800 Implicit null exception at 0x00000200658ceaec to 0x00000200658cecc8
Event: 0.741 Thread 0x000002005b12b800 Implicit null exception at 0x00000200658d08ec to 0x00000200658d0ac8
Event: 0.741 Thread 0x000002005b12b800 Implicit null exception at 0x00000200658c7c8f to 0x00000200658c7d05
Event: 0.796 Thread 0x000002005b12b800 Exception <a 'java/lang/NoSuchMethodError'{0x00000000ec3f3618}: 'int java.lang.invoke.DirectMethodHandle$Holder.invokeStaticInit(java.lang.Object, java.lang.Object, java.lang.Object, java.lang.Object)'> (0x00000000ec3f3618) 
thrown [s\src\hotspot\share\interpreter\linkResolver.cpp, line 759]
Event: 0.798 Thread 0x000002005b12b800 Exception <a 'java/lang/NoSuchMethodError'{0x00000000ec3fdc88}: 'java.lang.Object java.lang.invoke.DirectMethodHandle$Holder.invokeInterface(java.lang.Object, java.lang.Object)'> (0x00000000ec3fdc88) 
thrown [s\src\hotspot\share\interpreter\linkResolver.cpp, line 759]
Event: 0.808 Thread 0x000002005b12b800 Exception <a 'java/lang/IncompatibleClassChangeError'{0x00000000eab018a8}: Found class java.lang.Object, but interface was expected> (0x00000000eab018a8) 
thrown [s\src\hotspot\share\interpreter\linkResolver.cpp, line 826]
Event: 0.810 Thread 0x000002005b12b800 Exception <a 'java/lang/NoSuchMethodError'{0x00000000eab05e18}: 'void java.lang.invoke.DirectMethodHandle$Holder.invokeStatic(java.lang.Object, java.lang.Object)'> (0x00000000eab05e18) 
thrown [s\src\hotspot\share\interpreter\linkResolver.cpp, line 759]
Event: 0.810 Thread 0x000002005b12b800 Exception <a 'java/lang/NoSuchMethodError'{0x00000000eab09618}: 'void java.lang.invoke.DirectMethodHandle$Holder.invokeStaticInit(java.lang.Object, java.lang.Object)'> (0x00000000eab09618) 
thrown [s\src\hotspot\share\interpreter\linkResolver.cpp, line 759]
Event: 0.811 Thread 0x000002005b12b800 Exception <a 'java/lang/NoSuchMethodError'{0x00000000eab10b28}: 'int java.lang.invoke.DirectMethodHandle$Holder.invokeStaticInit(java.lang.Object, java.lang.Object)'> (0x00000000eab10b28) 
thrown [s\src\hotspot\share\interpreter\linkResolver.cpp, line 759]
Event: 0.886 Thread 0x000002005b12b800 Exception <a 'java/lang/NoSuchMethodError'{0x00000000eac9e6c8}: 'void java.lang.invoke.DirectMethodHandle$Holder.invokeSpecial(java.lang.Object, java.lang.Object, java.lang.Object)'> (0x00000000eac9e6c8) 
thrown [s\src\hotspot\share\interpreter\linkResolver.cpp, line 759]

VM Operations (18 events):
Event: 0.203 Executing VM operation: HandshakeAllThreads
Event: 0.203 Executing VM operation: HandshakeAllThreads done
Event: 0.498 Executing VM operation: HandshakeAllThreads
Event: 0.498 Executing VM operation: HandshakeAllThreads done
Event: 0.513 Executing VM operation: HandshakeAllThreads
Event: 0.513 Executing VM operation: HandshakeAllThreads done
Event: 0.667 Executing VM operation: ICBufferFull
Event: 0.668 Executing VM operation: ICBufferFull done
Event: 0.798 Executing VM operation: ParallelGCFailedAllocation
Event: 0.808 Executing VM operation: ParallelGCFailedAllocation done
Event: 1.207 Executing VM operation: HandshakeAllThreads
Event: 1.207 Executing VM operation: HandshakeAllThreads done
Event: 1.208 Executing VM operation: HandshakeAllThreads
Event: 1.208 Executing VM operation: HandshakeAllThreads done
Event: 1.216 Executing VM operation: HandshakeAllThreads
Event: 1.216 Executing VM operation: HandshakeAllThreads done
Event: 1.243 Executing VM operation: HandshakeAllThreads
Event: 1.243 Executing VM operation: HandshakeAllThreads done

Events (20 events):
Event: 1.189 loading class java/lang/Thread$State done
Event: 1.189 Thread 0x0000020076362060 Thread added: 0x0000020076362060
Event: 1.190 loading class java/util/concurrent/TimeUnit$1
Event: 1.190 loading class java/util/concurrent/TimeUnit$1 done
Event: 1.196 loading class java/util/concurrent/locks/AbstractQueuedSynchronizer$ConditionNode
Event: 1.197 loading class java/util/concurrent/locks/AbstractQueuedSynchronizer$Node
Event: 1.197 loading class java/util/concurrent/locks/AbstractQueuedSynchronizer$Node done
Event: 1.197 loading class java/util/concurrent/locks/AbstractQueuedSynchronizer$ExclusiveNode
Event: 1.197 loading class java/util/concurrent/locks/AbstractQueuedSynchronizer$ConditionNode done
Event: 1.197 loading class java/util/concurrent/locks/AbstractQueuedSynchronizer$ExclusiveNode done
Event: 1.197 loading class java/lang/ApplicationShutdownHooks
Event: 1.197 loading class java/lang/ApplicationShutdownHooks done
Event: 1.197 loading class java/lang/ApplicationShutdownHooks$1
Event: 1.197 loading class java/lang/ApplicationShutdownHooks$1 done
Event: 1.216 loading class java/util/ArrayList$ListItr
Event: 1.216 loading class java/util/ArrayList$ListItr done
Event: 1.242 loading class java/util/LinkedList
Event: 1.242 loading class java/util/AbstractSequentialList
Event: 1.243 loading class java/util/AbstractSequentialList done
Event: 1.243 loading class java/util/LinkedList done


Dynamic libraries:
0x00007ff785b60000 - 0x00007ff785b6e000 	c:\Users\laras\.vscode\extensions\redhat.java-1.33.0-win32-x64\jre\17.0.11-win32-x86_64\bin\java.exe
0x00007ffdc8d70000 - 0x00007ffdc8f87000 	C:\WINDOWS\SYSTEM32\ntdll.dll
0x00007ffdc7a50000 - 0x00007ffdc7b14000 	C:\WINDOWS\System32\KERNEL32.DLL
0x00007ffdc66f0000 - 0x00007ffdc6a9d000 	C:\WINDOWS\System32\KERNELBASE.dll
0x00007ffdc6090000 - 0x00007ffdc61a1000 	C:\WINDOWS\System32\ucrtbase.dll
0x00007ffd9f480000 - 0x00007ffd9f497000 	c:\Users\laras\.vscode\extensions\redhat.java-1.33.0-win32-x64\jre\17.0.11-win32-x86_64\bin\jli.dll
0x00007ffd9bae0000 - 0x00007ffd9bafb000 	c:\Users\laras\.vscode\extensions\redhat.java-1.33.0-win32-x64\jre\17.0.11-win32-x86_64\bin\VCRUNTIME140.dll
0x00007ffdc84b0000 - 0x00007ffdc865e000 	C:\WINDOWS\System32\USER32.dll
0x00007ffda6950000 - 0x00007ffda6be3000 	C:\WINDOWS\WinSxS\amd64_microsoft.windows.common-controls_6595b64144ccf1df_6.0.22621.3672_none_2713b9d173822955\COMCTL32.dll
0x00007ffdc63f0000 - 0x00007ffdc6416000 	C:\WINDOWS\System32\win32u.dll
0x00007ffdc74c0000 - 0x00007ffdc7567000 	C:\WINDOWS\System32\msvcrt.dll
0x00007ffdc6b20000 - 0x00007ffdc6b49000 	C:\WINDOWS\System32\GDI32.dll
0x00007ffdc6510000 - 0x00007ffdc6629000 	C:\WINDOWS\System32\gdi32full.dll
0x00007ffdc61e0000 - 0x00007ffdc627a000 	C:\WINDOWS\System32\msvcp_win.dll
0x00007ffdc7b20000 - 0x00007ffdc7b51000 	C:\WINDOWS\System32\IMM32.DLL
0x00007ffda5160000 - 0x00007ffda516c000 	c:\Users\laras\.vscode\extensions\redhat.java-1.33.0-win32-x64\jre\17.0.11-win32-x86_64\bin\vcruntime140_1.dll
0x00007ffd8a7b0000 - 0x00007ffd8a83d000 	c:\Users\laras\.vscode\extensions\redhat.java-1.33.0-win32-x64\jre\17.0.11-win32-x86_64\bin\msvcp140.dll
0x00007ffd4a170000 - 0x00007ffd4add2000 	c:\Users\laras\.vscode\extensions\redhat.java-1.33.0-win32-x64\jre\17.0.11-win32-x86_64\bin\server\jvm.dll
0x00007ffdc8b70000 - 0x00007ffdc8c22000 	C:\WINDOWS\System32\ADVAPI32.dll
0x00007ffdc7940000 - 0x00007ffdc79e9000 	C:\WINDOWS\System32\sechost.dll
0x00007ffdc61b0000 - 0x00007ffdc61d8000 	C:\WINDOWS\System32\bcrypt.dll
0x00007ffdc7b60000 - 0x00007ffdc7c74000 	C:\WINDOWS\System32\RPCRT4.dll
0x00007ffda1430000 - 0x00007ffda1439000 	C:\WINDOWS\SYSTEM32\WSOCK32.dll
0x00007ffdc5950000 - 0x00007ffdc599d000 	C:\WINDOWS\SYSTEM32\POWRPROF.dll
0x00007ffdbb8d0000 - 0x00007ffdbb8da000 	C:\WINDOWS\SYSTEM32\VERSION.dll
0x00007ffdc0510000 - 0x00007ffdc0544000 	C:\WINDOWS\SYSTEM32\WINMM.dll
0x00007ffdc6aa0000 - 0x00007ffdc6b11000 	C:\WINDOWS\System32\WS2_32.dll
0x00007ffdc58e0000 - 0x00007ffdc58f3000 	C:\WINDOWS\SYSTEM32\UMPDC.dll
0x00007ffdc50c0000 - 0x00007ffdc50d8000 	C:\WINDOWS\SYSTEM32\kernel.appcore.dll
0x00007ffda3fb0000 - 0x00007ffda3fba000 	c:\Users\laras\.vscode\extensions\redhat.java-1.33.0-win32-x64\jre\17.0.11-win32-x86_64\bin\jimage.dll
0x00007ffdb89b0000 - 0x00007ffdb8be2000 	C:\WINDOWS\SYSTEM32\DBGHELP.DLL
0x00007ffdc7590000 - 0x00007ffdc791d000 	C:\WINDOWS\System32\combase.dll
0x00007ffdc83d0000 - 0x00007ffdc84a7000 	C:\WINDOWS\System32\OLEAUT32.dll
0x00007ffda9d00000 - 0x00007ffda9d32000 	C:\WINDOWS\SYSTEM32\dbgcore.DLL
0x00007ffdc6420000 - 0x00007ffdc649b000 	C:\WINDOWS\System32\bcryptPrimitives.dll
0x00007ffda0ee0000 - 0x00007ffda0eee000 	c:\Users\laras\.vscode\extensions\redhat.java-1.33.0-win32-x64\jre\17.0.11-win32-x86_64\bin\instrument.dll
0x00007ffd8fb70000 - 0x00007ffd8fb95000 	c:\Users\laras\.vscode\extensions\redhat.java-1.33.0-win32-x64\jre\17.0.11-win32-x86_64\bin\java.dll
0x00007ffd926c0000 - 0x00007ffd926d8000 	c:\Users\laras\.vscode\extensions\redhat.java-1.33.0-win32-x64\jre\17.0.11-win32-x86_64\bin\zip.dll
0x00007ffdc6c50000 - 0x00007ffdc74b8000 	C:\WINDOWS\System32\SHELL32.dll
0x00007ffdc3f90000 - 0x00007ffdc488e000 	C:\WINDOWS\SYSTEM32\windows.storage.dll
0x00007ffdc3e50000 - 0x00007ffdc3f8f000 	C:\WINDOWS\SYSTEM32\wintypes.dll
0x00007ffdc6b50000 - 0x00007ffdc6c49000 	C:\WINDOWS\System32\SHCORE.dll
0x00007ffdc79f0000 - 0x00007ffdc7a4e000 	C:\WINDOWS\System32\shlwapi.dll
0x00007ffdc5fc0000 - 0x00007ffdc5fe1000 	C:\WINDOWS\SYSTEM32\profapi.dll
0x00007ffd9f4d0000 - 0x00007ffd9f4e9000 	C:\Users\laras\.vscode\extensions\redhat.java-1.33.0-win32-x64\jre\17.0.11-win32-x86_64\bin\net.dll
0x00007ffdc1c20000 - 0x00007ffdc1d56000 	C:\WINDOWS\SYSTEM32\WINHTTP.dll
0x00007ffdc5530000 - 0x00007ffdc5599000 	C:\WINDOWS\system32\mswsock.dll
0x00007ffd98bc0000 - 0x00007ffd98bd6000 	C:\Users\laras\.vscode\extensions\redhat.java-1.33.0-win32-x64\jre\17.0.11-win32-x86_64\bin\nio.dll
0x00007ffda8f40000 - 0x00007ffda8f50000 	c:\Users\laras\.vscode\extensions\redhat.java-1.33.0-win32-x64\jre\17.0.11-win32-x86_64\bin\verify.dll

dbghelp: loaded successfully - version: 4.0.5 - missing functions: none
symbol engine: initialized successfully - sym options: 0x614 - pdb path: .;c:\Users\laras\.vscode\extensions\redhat.java-1.33.0-win32-x64\jre\17.0.11-win32-x86_64\bin;C:\WINDOWS\SYSTEM32;C:\WINDOWS\WinSxS\amd64_microsoft.windows.common-controls_6595b64144ccf1df_6.0.22621.3672_none_2713b9d173822955;c:\Users\laras\.vscode\extensions\redhat.java-1.33.0-win32-x64\jre\17.0.11-win32-x86_64\bin\server

VM Arguments:
jvm_args: --add-modules=ALL-SYSTEM --add-opens=java.base/java.util=ALL-UNNAMED --add-opens=java.base/java.lang=ALL-UNNAMED --add-opens=java.base/sun.nio.fs=ALL-UNNAMED -Declipse.application=org.eclipse.jdt.ls.core.id1 -Dosgi.bundles.defaultStartLevel=4 -Declipse.product=org.eclipse.jdt.ls.core.product -Djava.import.generatesMetadataFilesAtProjectRoot=false -DDetectVMInstallationsJob.disabled=true -Dfile.encoding=utf8 -XX:+UseParallelGC -XX:GCTimeRatio=4 -XX:AdaptiveSizePolicyWeight=90 -Dsun.zip.disableMemoryMapping=true -Xmx1G -Xms100m -Xlog:disable -javaagent:c:\Users\laras\.vscode\extensions\redhat.java-1.33.0-win32-x64\lombok\lombok-1.18.33.jar -XX:+HeapDumpOnOutOfMemoryError -XX:HeapDumpPath=c:\Users\laras\AppData\Roaming\Code\User\workspaceStorage\94a460dcca388fc052c458c9e4340674\redhat.java -Daether.dependencyCollector.impl=bf 
java_command: c:\Users\laras\.vscode\extensions\redhat.java-1.33.0-win32-x64\server\plugins\org.eclipse.equinox.launcher_1.6.900.v20240613-2009.jar -configuration c:\Users\laras\AppData\Roaming\Code\User\globalStorage\redhat.java\1.33.0\config_win -data c:\Users\laras\AppData\Roaming\Code\User\workspaceStorage\94a460dcca388fc052c458c9e4340674\redhat.java\jdt_ws --pipe=\\.\pipe\lsp-755045baeb12d6ea39e5d170377c29b9-sock
java_class_path (initial): c:\Users\laras\.vscode\extensions\redhat.java-1.33.0-win32-x64\server\plugins\org.eclipse.equinox.launcher_1.6.900.v20240613-2009.jar
Launcher Type: SUN_STANDARD

[Global flags]
    uintx AdaptiveSizePolicyWeight                 = 90                                        {product} {command line}
     intx CICompilerCount                          = 4                                         {product} {ergonomic}
    uintx GCTimeRatio                              = 4                                         {product} {command line}
     bool HeapDumpOnOutOfMemoryError               = true                                   {manageable} {command line}
    ccstr HeapDumpPath                             = c:\Users\laras\AppData\Roaming\Code\User\workspaceStorage\94a460dcca388fc052c458c9e4340674\redhat.java         {manageable} {command line}
   size_t InitialHeapSize                          = 104857600                                 {product} {command line}
   size_t MaxHeapSize                              = 1073741824                                {product} {command line}
   size_t MaxNewSize                               = 357564416                                 {product} {ergonomic}
   size_t MinHeapDeltaBytes                        = 524288                                    {product} {ergonomic}
   size_t MinHeapSize                              = 104857600                                 {product} {command line}
   size_t NewSize                                  = 34603008                                  {product} {ergonomic}
    uintx NonNMethodCodeHeapSize                   = 5839372                                {pd product} {ergonomic}
    uintx NonProfiledCodeHeapSize                  = 122909434                              {pd product} {ergonomic}
   size_t OldSize                                  = 70254592                                  {product} {ergonomic}
    uintx ProfiledCodeHeapSize                     = 122909434                              {pd product} {ergonomic}
    uintx ReservedCodeCacheSize                    = 251658240                              {pd product} {ergonomic}
     bool SegmentedCodeCache                       = true                                      {product} {ergonomic}
   size_t SoftMaxHeapSize                          = 1073741824                             {manageable} {ergonomic}
     bool UseCompressedClassPointers               = true                           {product lp64_product} {ergonomic}
     bool UseCompressedOops                        = true                           {product lp64_product} {ergonomic}
     bool UseLargePagesIndividualAllocation        = false                                  {pd product} {ergonomic}
     bool UseParallelGC                            = true                                      {product} {command line}

Logging:
Log output configuration:
 #0: stdout all=off uptime,level,tags
 #1: stderr all=off uptime,level,tags

Environment Variables:
JAVA_HOME=C:\Program Files\Java\jdk-19
PATH=C:\Program Files\Common Files\Oracle\Java\javapath;C:\oraclexe\app\oracle\product\11.2.0\server\bin;C:\app\La\product\18.0.0\dbhomeXE\bin;C:\app\La\product\21c\dbhomeXE\bin;C:\windows\system32;C:\windows;C:\windows\System32\Wbem;C:\windows\System32\WindowsPowerShell\v1.0\;C:\windows\System32\OpenSSH\;C:\Program Files\dotnet\;C:\Program Files\Git\cmd;C:\WINDOWS\system32;C:\WINDOWS;C:\WINDOWS\System32\Wbem;C:\WINDOWS\System32\WindowsPowerShell\v1.0\;C:\WINDOWS\System32\OpenSSH\;C:\xampp\php;C:\ProgramData\ComposerSetup\bin;C:\Program Files\Maven\apache-maven-3.9.4\bin;C:\Program Files\nodejs\;C:\ProgramData\chocolatey\bin;C:\Users\laras\AppData\Local\Android\Sdk\platform-tools;C:\Users\laras\AppData\Local\Android\Sdk\tools\bin;C:\Program Files\HP\HP One Agent;C:\Users\laras\miniconda3;C:\Users\laras\miniconda3\Scripts;C:\Users\laras\miniconda3\Library\bin;C:\Users\laras\miniconda3;C:\Users\laras\miniconda3\Scripts;C:\Users\laras\miniconda3\Library\bin;C:\Users\laras\AppData\Local\Microsoft\WindowsApps;C:\Users\laras\AppData\Local\Programs\Microsoft VS Code\bin;C:\xampp\mysql\bin;C:\Users\laras\.dotnet\tools;C:\Users\laras\AppData\Roaming\Composer\vendor\bin;C:\Program Files\JetBrains\IntelliJ IDEA 2023.2\bin;;C:\Users\laras\AppData\Roaming\npm;
USERNAME=La
OS=Windows_NT
PROCESSOR_IDENTIFIER=AMD64 Family 23 Model 104 Stepping 1, AuthenticAMD
TMP=C:\Users\laras\AppData\Local\Temp
TEMP=C:\Users\laras\AppData\Local\Temp



Periodic native trim disabled


---------------  S Y S T E M  ---------------

OS:
 Windows 11 , 64 bit Build 22621 (10.0.22621.3958)
OS uptime: 0 days 21:20 hours
Hyper-V role detected

CPU: total 12 (initial active 12) (12 cores per cpu, 2 threads per core) family 23 model 104 stepping 1 microcode 0x0, cx8, cmov, fxsr, ht, mmx, 3dnowpref, sse, sse2, sse3, ssse3, sse4a, sse4.1, sse4.2, popcnt, lzcnt, tsc, tscinvbit, avx, avx2, aes, clmul, bmi1, bmi2, adx, sha, fma, vzeroupper, clflush, clflushopt, hv
Processor Information for processor 0
  Max Mhz: 2100, Current Mhz: 2100, Mhz Limit: 2100
Processor Information for processor 1
  Max Mhz: 2100, Current Mhz: 2100, Mhz Limit: 2100
Processor Information for processor 2
  Max Mhz: 2100, Current Mhz: 1988, Mhz Limit: 2100
Processor Information for processor 3
  Max Mhz: 2100, Current Mhz: 2100, Mhz Limit: 2100
Processor Information for processor 4
  Max Mhz: 2100, Current Mhz: 2100, Mhz Limit: 2100
Processor Information for processor 5
  Max Mhz: 2100, Current Mhz: 2100, Mhz Limit: 2100
Processor Information for processor 6
  Max Mhz: 2100, Current Mhz: 2100, Mhz Limit: 2100
Processor Information for processor 7
  Max Mhz: 2100, Current Mhz: 2100, Mhz Limit: 2100
Processor Information for processor 8
  Max Mhz: 2100, Current Mhz: 2100, Mhz Limit: 2100
Processor Information for processor 9
  Max Mhz: 2100, Current Mhz: 1988, Mhz Limit: 2100
Processor Information for processor 10
  Max Mhz: 2100, Current Mhz: 2100, Mhz Limit: 2100
Processor Information for processor 11
  Max Mhz: 2100, Current Mhz: 2100, Mhz Limit: 2100

Memory: 4k page, system-wide physical 7502M (521M free)
TotalPageFile size 12523M (AvailPageFile size 1M)
current process WorkingSet (physical memory assigned to process): 83M, peak: 83M
current process commit charge ("private bytes"): 211M, peak: 211M

vm_info: OpenJDK 64-Bit Server VM (17.0.11+9) for windows-amd64 JRE (17.0.11+9), built on Apr 17 2024 06:07:48 by "admin" with MS VC++ 16.10 / 16.11 (VS2019)

END.
